<?xml version='1.0' encoding='UTF-8' ?>
<testsuite name="com.example.accountapp.MainActivityTest" tests="1" failures="0" errors="0" skipped="0" time="10.161" timestamp="2025-05-26T02:32:14" hostname="localhost">
  <properties>
    <property name="device" value="Pixel_6_Pro_API_35(AVD) - 15" />
    <property name="flavor" value="" />
    <property name="project" value=":app" />
  </properties>
  <testcase name="mainActivityTest" classname="com.example.accountapp.MainActivityTest" time="9.045" />
</testsuite>