<?xml version='1.0' encoding='UTF-8' ?>
<testsuite name="com.example.accountapp.MainActivityTest" tests="1" failures="1" errors="0" skipped="0" time="8.214" timestamp="2025-05-26T02:21:14" hostname="localhost">
  <properties>
    <property name="device" value="Pixel_6_Pro_API_35(AVD) - 15" />
    <property name="flavor" value="" />
    <property name="project" value=":app" />
  </properties>
  <testcase name="mainActivityTest" classname="com.example.accountapp.MainActivityTest" time="7.072">
    <failure>androidx.test.espresso.NoMatchingViewException: No views in hierarchy found matching: view.getId() is &lt;2131296524/com.example.accountapp:id/layout_account_name&gt;
If the target view is not part of the view hierarchy, you may need to use Espresso.onData to load it from one of the following AdapterViews:androidx.appcompat.widget.AppCompatSpinner{c026481 VFED..CL. ........ 56,279-728,363 #7f090033 app:id/account_type_spinner aid=1073741825}

View Hierarchy:
+&gt;DecorView{id=-1, visibility=VISIBLE, width=896, height=1201, has-focus=false, has-focusable=true, has-window-focus=true, is-clickable=false, is-enabled=true, is-focused=false, is-focusable=false, is-layout-requested=false, is-selected=false, layout-params={(0,0)(wrapxwrap) gr=CENTER sim={adjust=pan} ty=APPLICATION fmt=TRANSLUCENT wanim=0x103030a
fl=DIM_BEHIND SPLIT_TOUCH HARDWARE_ACCELERATED
bhv=DEFAULT
fitTypes=STATUS_BARS NAVIGATION_BARS CAPTION_BAR
frameRateBoostOnTouch=true
dvrrWindowFrameRateHint=true}, tag=null, root-is-layout-requested=false, has-input-connection=false, x=0.0, y=0.0, child-count=1}
|
+-&gt;FrameLayout{id=-1, visibility=VISIBLE, width=784, height=1089, has-focus=false, has-focusable=true, has-window-focus=true, is-clickable=false, is-enabled=true, is-focused=false, is-focusable=false, is-layout-requested=false, is-selected=false, layout-params=android.widget.FrameLayout$LayoutParams&#64;YYYYYY, tag=null, root-is-layout-requested=false, has-input-connection=false, x=56.0, y=56.0, child-count=2}
|
+--&gt;FrameLayout{id=16908290, res-name=content, visibility=VISIBLE, width=784, height=1089, has-focus=false, has-focusable=true, has-window-focus=true, is-clickable=false, is-enabled=true, is-focused=false, is-focusable=false, is-layout-requested=false, is-selected=false, layout-params=android.widget.FrameLayout$LayoutParams&#64;YYYYYY, tag=null, root-is-layout-requested=false, has-input-connection=false, x=0.0, y=0.0, child-count=1}
|
+---&gt;LinearLayout{id=-1, visibility=VISIBLE, width=784, height=1089, has-focus=false, has-focusable=true, has-window-focus=true, is-clickable=false, is-enabled=true, is-focused=false, is-focusable=false, is-layout-requested=false, is-selected=false, layout-params=android.widget.FrameLayout$LayoutParams&#64;YYYYYY, tag=null, root-is-layout-requested=false, has-input-connection=false, x=0.0, y=0.0, child-count=5}
|
+----&gt;TextInputLayout{id=-1, visibility=VISIBLE, width=672, height=195, has-focus=false, has-focusable=true, has-window-focus=true, is-clickable=false, is-enabled=true, is-focused=false, is-focusable=false, is-layout-requested=false, is-selected=false, layout-params=android.widget.LinearLayout$LayoutParams&#64;YYYYYY, tag=null, root-is-layout-requested=false, has-input-connection=false, x=56.0, y=56.0, child-count=1}
|
+-----&gt;FrameLayout{id=-1, visibility=VISIBLE, width=672, height=195, has-focus=false, has-focusable=true, has-window-focus=true, is-clickable=false, is-enabled=true, is-focused=false, is-focusable=false, is-layout-requested=false, is-selected=false, layout-params=android.widget.LinearLayout$LayoutParams&#64;YYYYYY, tag=null, root-is-layout-requested=false, has-input-connection=false, x=0.0, y=0.0, child-count=3}
|
+------&gt;TextInputEditText{id=2131296305, res-name=account_name_input, visibility=VISIBLE, width=672, height=195, has-focus=false, has-focusable=true, has-window-focus=true, is-clickable=true, is-enabled=true, is-focused=false, is-focusable=true, is-layout-requested=false, is-selected=false, layout-params=android.widget.FrameLayout$LayoutParams&#64;YYYYYY, tag=null, root-is-layout-requested=false, has-input-connection=true, editor-info=[inputType=0x1 imeOptions=0x8000005 privateImeOptions=null actionLabel=null actionId=0 initialSelStart=0 initialSelEnd=0 initialToolType=0 initialCapsMode=0x0 hintText=账户名称 label=null packageName=null autofillId=null fieldId=0 fieldName=null extras=Bundle[{android.support.text.emoji.emojiCompat_metadataVersion=9, androidx.core.view.inputmethod.EditorInfoCompat.STYLUS_HANDWRITING_ENABLED=true, android.support.text.emoji.emojiCompat_replaceAll=false}] hintLocales=null supportedHandwritingGestureTypes=SELECT|SELECT_RANGE|INSERT|DELETE|DELETE_RANGE|REMOVE_SPACE|JOIN_OR_SPLIT supportedHandwritingGesturePreviewTypes=SELECT|SELECT_RANGE|DELETE|DELETE_RANGE isStylusHandwritingEnabled=true contentMimeTypes=null ], x=0.0, y=0.0, text=, hint=账户名称, input-type=1, ime-target=false, has-links=false}
|
+------&gt;StartCompoundLayout{id=-1, visibility=GONE, width=0, height=0, has-focus=false, has-focusable=false, has-window-focus=true, is-clickable=false, is-enabled=true, is-focused=false, is-focusable=false, is-layout-requested=true, is-selected=false, layout-params=android.widget.FrameLayout$LayoutParams&#64;YYYYYY, tag=null, root-is-layout-requested=false, has-input-connection=false, x=0.0, y=0.0, child-count=2}
|
+-------&gt;CheckableImageButton{id=2131296801, res-name=text_input_start_icon, visibility=GONE, width=0, height=0, has-focus=false, has-focusable=false, has-window-focus=true, is-clickable=false, is-enabled=true, is-focused=false, is-focusable=false, is-layout-requested=true, is-selected=false, layout-params=android.widget.LinearLayout$LayoutParams&#64;YYYYYY, tag=null, root-is-layout-requested=false, has-input-connection=false, x=0.0, y=0.0, is-checked=false}
|
+-------&gt;AppCompatTextView{id=2131296806, res-name=textinput_prefix_text, visibility=GONE, width=0, height=0, has-focus=false, has-focusable=false, has-window-focus=true, is-clickable=false, is-enabled=true, is-focused=false, is-focusable=false, is-layout-requested=true, is-selected=false, layout-params=android.widget.LinearLayout$LayoutParams&#64;YYYYYY, tag=null, root-is-layout-requested=false, has-input-connection=false, x=0.0, y=0.0, text=, input-type=0, ime-target=false, has-links=false}
|
+------&gt;EndCompoundLayout{id=-1, visibility=GONE, width=0, height=0, has-focus=false, has-focusable=false, has-window-focus=true, is-clickable=false, is-enabled=true, is-focused=false, is-focusable=false, is-layout-requested=true, is-selected=false, layout-params=android.widget.FrameLayout$LayoutParams&#64;YYYYYY, tag=null, root-is-layout-requested=false, has-input-connection=false, x=0.0, y=0.0, child-count=3}
|
+-------&gt;AppCompatTextView{id=2131296807, res-name=textinput_suffix_text, visibility=GONE, width=0, height=0, has-focus=false, has-focusable=false, has-window-focus=true, is-clickable=false, is-enabled=true, is-focused=false, is-focusable=false, is-layout-requested=true, is-selected=false, layout-params=android.widget.LinearLayout$LayoutParams&#64;YYYYYY, tag=null, root-is-layout-requested=false, has-input-connection=false, x=0.0, y=0.0, text=, input-type=0, ime-target=false, has-links=false}
|
+-------&gt;FrameLayout{id=-1, visibility=GONE, width=0, height=0, has-focus=false, has-focusable=false, has-window-focus=true, is-clickable=false, is-enabled=true, is-focused=false, is-focusable=false, is-layout-requested=true, is-selected=false, layout-params=android.widget.LinearLayout$LayoutParams&#64;YYYYYY, tag=null, root-is-layout-requested=false, has-input-connection=false, x=0.0, y=0.0, child-count=1}
|
+--------&gt;CheckableImageButton{id=2131296799, res-name=text_input_end_icon, visibility=GONE, width=0, height=0, has-focus=false, has-focusable=false, has-window-focus=true, is-clickable=true, is-enabled=true, is-focused=false, is-focusable=true, is-layout-requested=true, is-selected=false, layout-params=android.widget.FrameLayout$LayoutParams&#64;YYYYYY, tag=null, root-is-layout-requested=false, has-input-connection=false, x=0.0, y=0.0, is-checked=false}
|
+-------&gt;CheckableImageButton{id=2131296800, res-name=text_input_error_icon, desc=错误, visibility=GONE, width=0, height=0, has-focus=false, has-focusable=false, has-window-focus=true, is-clickable=false, is-enabled=true, is-focused=false, is-focusable=false, is-layout-requested=true, is-selected=false, layout-params=android.widget.LinearLayout$LayoutParams&#64;YYYYYY, tag=null, root-is-layout-requested=false, has-input-connection=false, x=0.0, y=0.0, is-checked=false}
|
+----&gt;AppCompatSpinner{id=2131296307, res-name=account_type_spinner, visibility=VISIBLE, width=672, height=84, has-focus=false, has-focusable=true, has-window-focus=true, is-clickable=true, is-enabled=true, is-focused=false, is-focusable=true, is-layout-requested=false, is-selected=false, layout-params=android.widget.LinearLayout$LayoutParams&#64;YYYYYY, tag=null, root-is-layout-requested=false, has-input-connection=false, x=56.0, y=279.0, child-count=1}
|
+-----&gt;MaterialTextView{id=16908308, res-name=text1, visibility=VISIBLE, width=504, height=82, has-focus=false, has-focusable=false, has-window-focus=true, is-clickable=false, is-enabled=true, is-focused=false, is-focusable=false, is-layout-requested=false, is-selected=false, layout-params=android.view.ViewGroup$LayoutParams&#64;YYYYYY, tag=null, root-is-layout-requested=false, has-input-connection=false, x=0.0, y=1.0, text=现金, input-type=0, ime-target=false, has-links=false}
|
+----&gt;TextInputLayout{id=-1, visibility=VISIBLE, width=672, height=195, has-focus=false, has-focusable=true, has-window-focus=true, is-clickable=false, is-enabled=true, is-focused=false, is-focusable=false, is-layout-requested=false, is-selected=false, layout-params=android.widget.LinearLayout$LayoutParams&#64;YYYYYY, tag=null, root-is-layout-requested=false, has-input-connection=false, x=56.0, y=391.0, child-count=1}
|
+-----&gt;FrameLayout{id=-1, visibility=VISIBLE, width=672, height=195, has-focus=false, has-focusable=true, has-window-focus=true, is-clickable=false, is-enabled=true, is-focused=false, is-focusable=false, is-layout-requested=false, is-selected=false, layout-params=android.widget.LinearLayout$LayoutParams&#64;YYYYYY, tag=null, root-is-layout-requested=false, has-input-connection=false, x=0.0, y=0.0, child-count=3}
|
+------&gt;TextInputEditText{id=2131296304, res-name=account_balance_input, visibility=VISIBLE, width=672, height=195, has-focus=false, has-focusable=true, has-window-focus=true, is-clickable=true, is-enabled=true, is-focused=false, is-focusable=true, is-layout-requested=false, is-selected=false, layout-params=android.widget.FrameLayout$LayoutParams&#64;YYYYYY, tag=null, root-is-layout-requested=false, has-input-connection=true, editor-info=[inputType=0x2002 imeOptions=0xc000005 privateImeOptions=null actionLabel=null actionId=0 initialSelStart=0 initialSelEnd=0 initialToolType=0 initialCapsMode=0x2000 hintText=余额 label=null packageName=null autofillId=null fieldId=0 fieldName=null extras=Bundle[{android.support.text.emoji.emojiCompat_metadataVersion=9, androidx.core.view.inputmethod.EditorInfoCompat.STYLUS_HANDWRITING_ENABLED=true, android.support.text.emoji.emojiCompat_replaceAll=false}] hintLocales=null supportedHandwritingGestureTypes=SELECT|SELECT_RANGE|INSERT|DELETE|DELETE_RANGE|REMOVE_SPACE|JOIN_OR_SPLIT supportedHandwritingGesturePreviewTypes=SELECT|SELECT_RANGE|DELETE|DELETE_RANGE isStylusHandwritingEnabled=true contentMimeTypes=null ], x=0.0, y=0.0, text=100, hint=余额, input-type=8194, ime-target=false, has-links=false}
|
+------&gt;StartCompoundLayout{id=-1, visibility=GONE, width=0, height=0, has-focus=false, has-focusable=false, has-window-focus=true, is-clickable=false, is-enabled=true, is-focused=false, is-focusable=false, is-layout-requested=true, is-selected=false, layout-params=android.widget.FrameLayout$LayoutParams&#64;YYYYYY, tag=null, root-is-layout-requested=false, has-input-connection=false, x=0.0, y=0.0, child-count=2}
|
+-------&gt;CheckableImageButton{id=2131296801, res-name=text_input_start_icon, visibility=GONE, width=0, height=0, has-focus=false, has-focusable=false, has-window-focus=true, is-clickable=false, is-enabled=true, is-focused=false, is-focusable=false, is-layout-requested=true, is-selected=false, layout-params=android.widget.LinearLayout$LayoutParams&#64;YYYYYY, tag=null, root-is-layout-requested=false, has-input-connection=false, x=0.0, y=0.0, is-checked=false}
|
+-------&gt;AppCompatTextView{id=2131296806, res-name=textinput_prefix_text, visibility=GONE, width=0, height=0, has-focus=false, has-focusable=false, has-window-focus=true, is-clickable=false, is-enabled=true, is-focused=false, is-focusable=false, is-layout-requested=true, is-selected=false, layout-params=android.widget.LinearLayout$LayoutParams&#64;YYYYYY, tag=null, root-is-layout-requested=false, has-input-connection=false, x=0.0, y=0.0, text=, input-type=0, ime-target=false, has-links=false}
|
+------&gt;EndCompoundLayout{id=-1, visibility=GONE, width=0, height=0, has-focus=false, has-focusable=false, has-window-focus=true, is-clickable=false, is-enabled=true, is-focused=false, is-focusable=false, is-layout-requested=true, is-selected=false, layout-params=android.widget.FrameLayout$LayoutParams&#64;YYYYYY, tag=null, root-is-layout-requested=false, has-input-connection=false, x=0.0, y=0.0, child-count=3}
|
+-------&gt;AppCompatTextView{id=2131296807, res-name=textinput_suffix_text, visibility=GONE, width=0, height=0, has-focus=false, has-focusable=false, has-window-focus=true, is-clickable=false, is-enabled=true, is-focused=false, is-focusable=false, is-layout-requested=true, is-selected=false, layout-params=android.widget.LinearLayout$LayoutParams&#64;YYYYYY, tag=null, root-is-layout-requested=false, has-input-connection=false, x=0.0, y=0.0, text=, input-type=0, ime-target=false, has-links=false}
|
+-------&gt;FrameLayout{id=-1, visibility=GONE, width=0, height=0, has-focus=false, has-focusable=false, has-window-focus=true, is-clickable=false, is-enabled=true, is-focused=false, is-focusable=false, is-layout-requested=true, is-selected=false, layout-params=android.widget.LinearLayout$LayoutParams&#64;YYYYYY, tag=null, root-is-layout-requested=false, has-input-connection=false, x=0.0, y=0.0, child-count=1}
|
+--------&gt;CheckableImageButton{id=2131296799, res-name=text_input_end_icon, visibility=GONE, width=0, height=0, has-focus=false, has-focusable=false, has-window-focus=true, is-clickable=true, is-enabled=true, is-focused=false, is-focusable=true, is-layout-requested=true, is-selected=false, layout-params=android.widget.FrameLayout$LayoutParams&#64;YYYYYY, tag=null, root-is-layout-requested=false, has-input-connection=false, x=0.0, y=0.0, is-checked=false}
|
+-------&gt;CheckableImageButton{id=2131296800, res-name=text_input_error_icon, desc=错误, visibility=GONE, width=0, height=0, has-focus=false, has-focusable=false, has-window-focus=true, is-clickable=false, is-enabled=true, is-focused=false, is-focusable=false, is-layout-requested=true, is-selected=false, layout-params=android.widget.LinearLayout$LayoutParams&#64;YYYYYY, tag=null, root-is-layout-requested=false, has-input-connection=false, x=0.0, y=0.0, is-checked=false}
|
+----&gt;TextInputLayout{id=-1, visibility=VISIBLE, width=672, height=195, has-focus=false, has-focusable=true, has-window-focus=true, is-clickable=false, is-enabled=true, is-focused=false, is-focusable=false, is-layout-requested=false, is-selected=false, layout-params=android.widget.LinearLayout$LayoutParams&#64;YYYYYY, tag=null, root-is-layout-requested=false, has-input-connection=false, x=56.0, y=614.0, child-count=1}
|
+-----&gt;FrameLayout{id=-1, visibility=VISIBLE, width=672, height=195, has-focus=false, has-focusable=true, has-window-focus=true, is-clickable=false, is-enabled=true, is-focused=false, is-focusable=false, is-layout-requested=false, is-selected=false, layout-params=android.widget.LinearLayout$LayoutParams&#64;YYYYYY, tag=null, root-is-layout-requested=false, has-input-connection=false, x=0.0, y=0.0, child-count=3}
|
+------&gt;TextInputEditText{id=2131296306, res-name=account_note_input, visibility=VISIBLE, width=672, height=195, has-focus=false, has-focusable=true, has-window-focus=true, is-clickable=true, is-enabled=true, is-focused=false, is-focusable=true, is-layout-requested=false, is-selected=false, layout-params=android.widget.FrameLayout$LayoutParams&#64;YYYYYY, tag=null, root-is-layout-requested=false, has-input-connection=true, editor-info=[inputType=0x1 imeOptions=0x4000006 privateImeOptions=null actionLabel=null actionId=0 initialSelStart=0 initialSelEnd=0 initialToolType=0 initialCapsMode=0x0 hintText=备注 label=null packageName=null autofillId=null fieldId=0 fieldName=null extras=Bundle[{android.support.text.emoji.emojiCompat_metadataVersion=9, androidx.core.view.inputmethod.EditorInfoCompat.STYLUS_HANDWRITING_ENABLED=true, android.support.text.emoji.emojiCompat_replaceAll=false}] hintLocales=null supportedHandwritingGestureTypes=SELECT|SELECT_RANGE|INSERT|DELETE|DELETE_RANGE|REMOVE_SPACE|JOIN_OR_SPLIT supportedHandwritingGesturePreviewTypes=SELECT|SELECT_RANGE|DELETE|DELETE_RANGE isStylusHandwritingEnabled=true contentMimeTypes=null ], x=0.0, y=0.0, text=, hint=备注, input-type=1, ime-target=false, has-links=false}
|
+------&gt;StartCompoundLayout{id=-1, visibility=GONE, width=0, height=0, has-focus=false, has-focusable=false, has-window-focus=true, is-clickable=false, is-enabled=true, is-focused=false, is-focusable=false, is-layout-requested=true, is-selected=false, layout-params=android.widget.FrameLayout$LayoutParams&#64;YYYYYY, tag=null, root-is-layout-requested=false, has-input-connection=false, x=0.0, y=0.0, child-count=2}
|
+-------&gt;CheckableImageButton{id=2131296801, res-name=text_input_start_icon, visibility=GONE, width=0, height=0, has-focus=false, has-focusable=false, has-window-focus=true, is-clickable=false, is-enabled=true, is-focused=false, is-focusable=false, is-layout-requested=true, is-selected=false, layout-params=android.widget.LinearLayout$LayoutParams&#64;YYYYYY, tag=null, root-is-layout-requested=false, has-input-connection=false, x=0.0, y=0.0, is-checked=false}
|
+-------&gt;AppCompatTextView{id=2131296806, res-name=textinput_prefix_text, visibility=GONE, width=0, height=0, has-focus=false, has-focusable=false, has-window-focus=true, is-clickable=false, is-enabled=true, is-focused=false, is-focusable=false, is-layout-requested=true, is-selected=false, layout-params=android.widget.LinearLayout$LayoutParams&#64;YYYYYY, tag=null, root-is-layout-requested=false, has-input-connection=false, x=0.0, y=0.0, text=, input-type=0, ime-target=false, has-links=false}
|
+------&gt;EndCompoundLayout{id=-1, visibility=GONE, width=0, height=0, has-focus=false, has-focusable=false, has-window-focus=true, is-clickable=false, is-enabled=true, is-focused=false, is-focusable=false, is-layout-requested=true, is-selected=false, layout-params=android.widget.FrameLayout$LayoutParams&#64;YYYYYY, tag=null, root-is-layout-requested=false, has-input-connection=false, x=0.0, y=0.0, child-count=3}
|
+-------&gt;AppCompatTextView{id=2131296807, res-name=textinput_suffix_text, visibility=GONE, width=0, height=0, has-focus=false, has-focusable=false, has-window-focus=true, is-clickable=false, is-enabled=true, is-focused=false, is-focusable=false, is-layout-requested=true, is-selected=false, layout-params=android.widget.LinearLayout$LayoutParams&#64;YYYYYY, tag=null, root-is-layout-requested=false, has-input-connection=false, x=0.0, y=0.0, text=, input-type=0, ime-target=false, has-links=false}
|
+-------&gt;FrameLayout{id=-1, visibility=GONE, width=0, height=0, has-focus=false, has-focusable=false, has-window-focus=true, is-clickable=false, is-enabled=true, is-focused=false, is-focusable=false, is-layout-requested=true, is-selected=false, layout-params=android.widget.LinearLayout$LayoutParams&#64;YYYYYY, tag=null, root-is-layout-requested=false, has-input-connection=false, x=0.0, y=0.0, child-count=1}
|
+--------&gt;CheckableImageButton{id=2131296799, res-name=text_input_end_icon, visibility=GONE, width=0, height=0, has-focus=false, has-focusable=false, has-window-focus=true, is-clickable=true, is-enabled=true, is-focused=false, is-focusable=true, is-layout-requested=true, is-selected=false, layout-params=android.widget.FrameLayout$LayoutParams&#64;YYYYYY, tag=null, root-is-layout-requested=false, has-input-connection=false, x=0.0, y=0.0, is-checked=false}
|
+-------&gt;CheckableImageButton{id=2131296800, res-name=text_input_error_icon, desc=错误, visibility=GONE, width=0, height=0, has-focus=false, has-focusable=false, has-window-focus=true, is-clickable=false, is-enabled=true, is-focused=false, is-focusable=false, is-layout-requested=true, is-selected=false, layout-params=android.widget.LinearLayout$LayoutParams&#64;YYYYYY, tag=null, root-is-layout-requested=false, has-input-connection=false, x=0.0, y=0.0, is-checked=false}
|
+----&gt;LinearLayout{id=-1, visibility=VISIBLE, width=672, height=168, has-focus=false, has-focusable=true, has-window-focus=true, is-clickable=false, is-enabled=true, is-focused=false, is-focusable=false, is-layout-requested=false, is-selected=false, layout-params=android.widget.LinearLayout$LayoutParams&#64;YYYYYY, tag=null, root-is-layout-requested=false, has-input-connection=false, x=56.0, y=865.0, child-count=2}
|
+-----&gt;MaterialButton{id=2131296369, res-name=cancel_button, visibility=VISIBLE, width=308, height=168, has-focus=false, has-focusable=true, has-window-focus=true, is-clickable=true, is-enabled=true, is-focused=false, is-focusable=true, is-layout-requested=false, is-selected=false, layout-params=android.widget.LinearLayout$LayoutParams&#64;YYYYYY, tag=null, root-is-layout-requested=false, has-input-connection=false, x=0.0, y=0.0, text=取消, input-type=0, ime-target=false, has-links=false, is-checked=false}
|
+-----&gt;MaterialButton{id=2131296686, res-name=save_button, visibility=VISIBLE, width=308, height=168, has-focus=false, has-focusable=true, has-window-focus=true, is-clickable=true, is-enabled=true, is-focused=false, is-focusable=true, is-layout-requested=false, is-selected=false, layout-params=android.widget.LinearLayout$LayoutParams&#64;YYYYYY, tag=null, root-is-layout-requested=false, has-input-connection=false, x=364.0, y=0.0, text=保存, input-type=0, ime-target=false, has-links=false, is-checked=false}
|
+--&gt;ViewStub{id=16908747, res-name=action_mode_bar_stub, visibility=GONE, width=0, height=0, has-focus=false, has-focusable=false, has-window-focus=true, is-clickable=false, is-enabled=true, is-focused=false, is-focusable=false, is-layout-requested=true, is-selected=false, layout-params=android.widget.FrameLayout$LayoutParams&#64;YYYYYY, tag=null, root-is-layout-requested=false, has-input-connection=false, x=0.0, y=0.0}
The complete view hierarchy is available in artifact file 'view-hierarchy-1.txt'.
at androidx.test.espresso.NoMatchingViewException$Builder.build(NoMatchingViewException.java:185)
at androidx.test.espresso.base.DefaultFailureHandler.lambda$getNoMatchingViewExceptionTruncater$0(DefaultFailureHandler.java:93)
at androidx.test.espresso.base.DefaultFailureHandler$$ExternalSyntheticLambda1.truncateExceptionMessage(Unknown Source:2)
at androidx.test.espresso.base.ViewHierarchyExceptionHandler.handleSafely(ViewHierarchyExceptionHandler.java:72)
at androidx.test.espresso.base.ViewHierarchyExceptionHandler.handleSafely(ViewHierarchyExceptionHandler.java:38)
at androidx.test.espresso.base.DefaultFailureHandler$TypedFailureHandler.handle(DefaultFailureHandler.java:158)
at androidx.test.espresso.base.DefaultFailureHandler.handle(DefaultFailureHandler.java:120)
at androidx.test.espresso.ViewInteraction.waitForAndHandleInteractionResults(ViewInteraction.java:385)
at androidx.test.espresso.ViewInteraction.check(ViewInteraction.java:366)
at com.example.accountapp.MainActivityTest.mainActivityTest(MainActivityTest.java:76)</failure>
  </testcase>
</testsuite>